0.5841584158415841
0.3847190415286452
0.4042011309819021
0.4260539128312765
0.4490922863149913
0.47287726988576817
0.4971821685732811
0.5218388971445886
0.5466920879333615
0.5715871590171046
0.5963693972202189
0.6208865630078108
0.6449924513472122
0.6685504407014711
0.6914366043951545
0.7135421718241971
0.7347752390163496
0.7550617057968824
0.7743454769868402
0.792588010166155
0.8097673223953351
0.8258765834139656
0.8409224250073791
0.8549230881971206
0.8679065148183891
0.8799084709620211
0.8909707693090998
0.901139637588269
0.9104642626027957
0.9189955242767307
0.9267849222466067
0.933883688616215
0.94034207431015
0.9462087925978507
0.9515306013619016
0.9563520051114206
0.9607150581969726
0.9646592518315056
0.9682214690917152
0.971435993857861
0.9743345614947789
0.9769464408764986
0.9792985390426502
0.981415521306472
0.9833199409925841
0.9850323741635485
0.9865715557033472
0.9879545139752322
0.9891967019762994
0.9903121234884681
0.9913134531922245
